<?xml version="1.0" encoding="UTF-8"?>
<!-- Generated by org.testng.reporters.JUnitXMLReporter -->
<testsuite ignored="0" hostname="LAPTOP-47KEHV7J" failures="0" tests="3" name="TestRunner1" time="45.775" errors="0" timestamp="2023-05-11T00:24:53 IST">
  <testcase classname="Practice1.LoginApplicationTest" name="LogInTest" time="13.971"/>
  <testcase classname="Practice1.LoginApplicationTest" name="methodCheck" time="0.002"/>
  <testcase classname="Practice1.CreateProduct" name="CreateProductTest" time="8.92"/>
</testsuite> <!-- TestRunner1 -->
